* EvoSuite 1.0.3
* Going to generate test cases for class: actions.addElement.AddElementAction
* Starting client
* Connecting to master process on port 17442
* Analyzing classpath: 
  - /home/alessandro/eclipse-workspace/Struts2Injection/build/classes
  - /home/alessandro/sushi/jbse/target/classes
  - /home/alessandro/sushi/jbse/data/jre/rt.jar
  - /home/alessandro/eclipse-workspace/Struts2Injection/WebContent/WEB-INF/lib/struts2-core-2.5.2.jar
  - /home/alessandro/eclipse-workspace/Struts2Injection/WebContent/WEB-INF/lib/log4j-api-2.5.jar
  - /home/alessandro/eclipse-workspace/Struts2Injection/WebContent/WEB-INF/lib/log4j-core-2.5.jar
  - /home/alessandro/eclipse-workspace/Struts2Injection/WebContent/WEB-INF/lib/ognl-3.1.10.jar
  - /home/alessandro/eclipse-workspace/Struts2Injection/tmp/Test_TMP
  - /home/alessandro/sushi/runtime/target/classes
* Finished analyzing classpath
* Generating tests for class actions.addElement.AddElementAction
* Test criterion:
  - Path Condition Coverage
* Setting up search algorithm for whole suite generation
* Total number of test goals: 1
* Using seed 1530787374176
* Starting evolution
[MASTER] 12:44:23.595 [main] ERROR ExternalProcessHandler - Class actions.addElement.AddElementAction. Lost connection with clients.
ClientNode: SEARCH

java.rmi.UnmarshalException: Error unmarshaling return header; nested exception is: 
	java.io.EOFException
	at sun.rmi.transport.StreamRemoteCall.executeCall(StreamRemoteCall.java:236) ~[na:1.8.0_171]
	at sun.rmi.server.UnicastRef.invoke(UnicastRef.java:161) ~[na:1.8.0_171]
	at java.rmi.server.RemoteObjectInvocationHandler.invokeRemoteMethod(RemoteObjectInvocationHandler.java:227) ~[na:1.8.0_171]
	at java.rmi.server.RemoteObjectInvocationHandler.invoke(RemoteObjectInvocationHandler.java:179) ~[na:1.8.0_171]
	at com.sun.proxy.$Proxy7.waitUntilFinished(Unknown Source) ~[na:na]
	at shaded.org.evosuite.utils.ExternalProcessHandler.waitForResult(ExternalProcessHandler.java:608) ~[evosuite-shaded-1.0.3.jar:1.0.3]
	at shaded.org.evosuite.executionmode.TestGeneration.generateTests(TestGeneration.java:471) [evosuite-shaded-1.0.3.jar:1.0.3]
	at shaded.org.evosuite.executionmode.TestGeneration.executeTestGeneration(TestGeneration.java:79) [evosuite-shaded-1.0.3.jar:1.0.3]
	at shaded.org.evosuite.EvoSuite.parseCommandLine(EvoSuite.java:269) [evosuite-shaded-1.0.3.jar:1.0.3]
	at shaded.org.evosuite.EvoSuite.main(EvoSuite.java:302) [evosuite-shaded-1.0.3.jar:1.0.3]
Caused by: java.io.EOFException: null
	at java.io.DataInputStream.readByte(DataInputStream.java:267) ~[na:1.8.0_171]
	at sun.rmi.transport.StreamRemoteCall.executeCall(StreamRemoteCall.java:222) ~[na:1.8.0_171]
	... 9 common frames omitted
* Computation finished
[MASTER] 12:44:23.700 [main] ERROR SearchStatistics - No obtained value for output variable: Total_Goals
[MASTER] 12:44:24.712 [main] ERROR SearchStatistics - Not going to write down statistics data, as some are missing
[MASTER] 12:44:24.813 [main] ERROR TestGeneration - failed to write statistics data
